# JRE version: OpenJDK Runtime Environment Temurin-21.0.7+6 (21.0.7+6) (build 21.0.7+6-LTS)
# Java VM: OpenJDK 64-Bit Server VM Temurin-21.0.7+6 (21.0.7+6-LTS, mixed mode, sharing, tiered, compressed oops, compressed class ptrs, g1 gc, windows-amd64)
GC Precious Log:
 CardTable entry size: 512
 Card Set container configuration: InlinePtr #cards 5 size 8 Array Of Cards #cards 12 size 40 Howl #buckets 4 coarsen threshold 1843 Howl Bitmap #cards 512 size 80 coarsen threshold 460 Card regions per heap region 1 cards per card region 2048
 CPUs: 12 total, 12 available
 Memory: 32637M
 Large Page Support: Disabled
 NUMA Support: Disabled
 Compressed Oops: Enabled (32-bit)
 Heap Region Size: 1M
 Heap Min Capacity: 64M
 Heap Initial Capacity: 64M
 Heap Max Capacity: 64M
 Pre-touch: Disabled
 Parallel Workers: 10
 Concurrent Workers: 3
 Concurrent Refinement Workers: 10
 Periodic GC: Disabled
Heap:
 garbage-first heap   total 65536K, used 44423K [0x00000000fc000000, 0x0000000100000000)
  region size 1024K, 33 young (33792K), 1 survivors (1024K)
 Metaspace       used 9832K, committed 10176K, reserved 1114112K
  class space    used 1264K, committed 1408K, reserved 1048576K
GC Heap History (10 events):
Event: 0.411 GC heap before
{Heap before GC invocations=0 (full 0):
 garbage-first heap   total 65536K, used 22528K [0x00000000fc000000, 0x0000000100000000)
  region size 1024K, 23 young (23552K), 0 survivors (0K)
 Metaspace       used 1155K, committed 1280K, reserved 1114112K
  class space    used 75K, committed 128K, reserved 1048576K
}
Event: 0.414 GC heap after
{Heap after GC invocations=1 (full 0):
 garbage-first heap   total 65536K, used 5320K [0x00000000fc000000, 0x0000000100000000)
  region size 1024K, 3 young (3072K), 3 survivors (3072K)
 Metaspace       used 1155K, committed 1280K, reserved 1114112K
  class space    used 75K, committed 128K, reserved 1048576K
}
Event: 1.064 GC heap before
{Heap before GC invocations=1 (full 0):
 garbage-first heap   total 65536K, used 38088K [0x00000000fc000000, 0x0000000100000000)
  region size 1024K, 32 young (32768K), 3 survivors (3072K)
 Metaspace       used 8760K, committed 9088K, reserved 1114112K
  class space    used 1177K, committed 1344K, reserved 1048576K
}
Event: 1.068 GC heap after
{Heap after GC invocations=2 (full 0):
 garbage-first heap   total 65536K, used 12102K [0x00000000fc000000, 0x0000000100000000)
  region size 1024K, 4 young (4096K), 4 survivors (4096K)
 Metaspace       used 8760K, committed 9088K, reserved 1114112K
  class space    used 1177K, committed 1344K, reserved 1048576K
}
Event: 1449.845 GC heap before
{Heap before GC invocations=2 (full 0):
 garbage-first heap   total 65536K, used 41798K [0x00000000fc000000, 0x0000000100000000)
  region size 1024K, 33 young (33792K), 4 survivors (4096K)
 Metaspace       used 9827K, committed 10176K, reserved 1114112K
  class space    used 1264K, committed 1408K, reserved 1048576K
}
Event: 1449.848 GC heap after
{Heap after GC invocations=3 (full 0):
 garbage-first heap   total 65536K, used 12874K [0x00000000fc000000, 0x0000000100000000)
  region size 1024K, 1 young (1024K), 1 survivors (1024K)
 Metaspace       used 9827K, committed 10176K, reserved 1114112K
  class space    used 1264K, committed 1408K, reserved 1048576K
}
Event: 4496.147 GC heap before
{Heap before GC invocations=3 (full 0):
 garbage-first heap   total 65536K, used 43594K [0x00000000fc000000, 0x0000000100000000)
  region size 1024K, 31 young (31744K), 1 survivors (1024K)
 Metaspace       used 9827K, committed 10176K, reserved 1114112K
  class space    used 1264K, committed 1408K, reserved 1048576K
}
Event: 4496.149 GC heap after
{Heap after GC invocations=4 (full 0):
 garbage-first heap   total 65536K, used 12683K [0x00000000fc000000, 0x0000000100000000)
  region size 1024K, 1 young (1024K), 1 survivors (1024K)
 Metaspace       used 9827K, committed 10176K, reserved 1114112K
  class space    used 1264K, committed 1408K, reserved 1048576K
}
Event: 8517.241 GC heap before
{Heap before GC invocations=4 (full 0):
 garbage-first heap   total 65536K, used 50571K [0x00000000fc000000, 0x0000000100000000)
  region size 1024K, 38 young (38912K), 1 survivors (1024K)
 Metaspace       used 9830K, committed 10176K, reserved 1114112K
  class space    used 1264K, committed 1408K, reserved 1048576K
}
Event: 8517.247 GC heap after
{Heap after GC invocations=5 (full 0):
 garbage-first heap   total 65536K, used 12679K [0x00000000fc000000, 0x0000000100000000)
  region size 1024K, 1 young (1024K), 1 survivors (1024K)
 Metaspace       used 9830K, committed 10176K, reserved 1114112K
  class space    used 1264K, committed 1408K, reserved 1048576K
}

